Unity Editor version:    2021.2.7f1 (6bd9e232123f)
Branch:                  2021.2/staging
Build type:              Release
Batch mode:              YES
macOS version:           Version 11.4 (Build 20F71)
Darwin version:          20.5.0
Architecture:            x86_64
Running under Rosetta:   NO
Available memory:        32768 MB
Using pre-set license
Pro License: NO

COMMAND LINE ARGUMENTS:
/Applications/Unity/Hub/Editor/2021.2.7f1/Unity.app/Contents/MacOS/Unity
-adb2
-batchMode
-noUpm
-name
AssetImportWorker2
-projectPath
/Users/jensvarga/Documents/UnityProjects/isometric-tower-defence/TowerDefence
-logFile
Logs/AssetImportWorker2.log
-srvPort
55460
Successfully changed project path to: /Users/jensvarga/Documents/UnityProjects/isometric-tower-defence/TowerDefence
/Users/jensvarga/Documents/UnityProjects/isometric-tower-defence/TowerDefence
[UnityMemory] Configuration Parameters - Can be set up in boot.config
    "memorysetup-bucket-allocator-granularity=16"
    "memorysetup-bucket-allocator-bucket-count=8"
    "memorysetup-bucket-allocator-block-size=33554432"
    "memorysetup-bucket-allocator-block-count=8"
    "memorysetup-main-allocator-block-size=16777216"
    "memorysetup-thread-allocator-block-size=16777216"
    "memorysetup-gfx-main-allocator-block-size=16777216"
    "memorysetup-gfx-thread-allocator-block-size=16777216"
    "memorysetup-cache-allocator-block-size=4194304"
    "memorysetup-typetree-allocator-block-size=2097152"
    "memorysetup-profiler-bucket-allocator-granularity=16"
    "memorysetup-profiler-bucket-allocator-bucket-count=8"
    "memorysetup-profiler-bucket-allocator-block-size=33554432"
    "memorysetup-profiler-bucket-allocator-block-count=8"
    "memorysetup-profiler-allocator-block-size=16777216"
    "memorysetup-profiler-editor-allocator-block-size=1048576"
    "memorysetup-temp-allocator-size-main=16777216"
    "memorysetup-job-temp-allocator-block-size=2097152"
    "memorysetup-job-temp-allocator-block-size-background=1048576"
    "memorysetup-job-temp-allocator-reduction-small-platforms=262144"
    "memorysetup-temp-allocator-size-background-worker=32768"
    "memorysetup-temp-allocator-size-job-worker=262144"
    "memorysetup-temp-allocator-size-preload-manager=33554432"
    "memorysetup-temp-allocator-size-nav-mesh-worker=65536"
    "memorysetup-temp-allocator-size-audio-worker=65536"
    "memorysetup-temp-allocator-size-cloud-worker=32768"
    "memorysetup-temp-allocator-size-gi-baking-worker=262144"
    "memorysetup-temp-allocator-size-gfx=262144"
Refreshing native plugins compatible for Editor in 27.65 ms, found 2 plugins.
Preloading 0 native plugins for Editor in 0.00 ms.
Initialize engine version: 2021.2.7f1 (6bd9e232123f)
[Subsystems] Discovering subsystems at path /Applications/Unity/Hub/Editor/2021.2.7f1/Unity.app/Contents/Resources/UnitySubsystems
[Subsystems] Discovering subsystems at path /Users/jensvarga/Documents/UnityProjects/isometric-tower-defence/TowerDefence/Assets
GfxDevice: creating device client; threaded=0; jobified=0
Color LCD preferred device: AMD Radeon Pro 560X (high power)
Metal devices available: 2
0: AMD Radeon Pro 560X (high power)
1: Intel(R) UHD Graphics 630 (low power)
Using device AMD Radeon Pro 560X (high power)
Initializing Metal device caps: AMD Radeon Pro 560X
Initialize mono
Mono path[0] = '/Applications/Unity/Hub/Editor/2021.2.7f1/Unity.app/Contents/Managed'
Mono path[1] = '/Applications/Unity/Hub/Editor/2021.2.7f1/Unity.app/Contents/MonoBleedingEdge/lib/mono/unityjit-macos'
Mono config path = '/Applications/Unity/Hub/Editor/2021.2.7f1/Unity.app/Contents/MonoBleedingEdge/etc'
Using monoOptions --debugger-agent=transport=dt_socket,embedding=1,server=y,suspend=n,address=127.0.0.1:56740
Begin MonoManager ReloadAssembly
Registering precompiled unity dll's ...
Register platform support module: /Applications/Unity/Hub/Editor/2021.2.7f1/Unity.app/Contents/PlaybackEngines/MacStandaloneSupport/UnityEditor.OSXStandalone.Extensions.dll
Register platform support module: /Applications/Unity/Hub/Editor/2021.2.7f1/PlaybackEngines/WindowsStandaloneSupport/UnityEditor.WindowsStandalone.Extensions.dll
Registered in 0.001727 seconds.
Native extension for WindowsStandalone target not found
Native extension for OSXStandalone target not found
Refreshing native plugins compatible for Editor in 25.96 ms, found 2 plugins.
Preloading 0 native plugins for Editor in 0.00 ms.
Mono: successfully reloaded assembly
- Completed reload, in  0.712 seconds
Domain Reload Profiling:
	ReloadAssembly (712ms)
		BeginReloadAssembly (70ms)
			ExecutionOrderSort (0ms)
			DisableScriptedObjects (0ms)
			BackupInstance (0ms)
			ReleaseScriptingObjects (0ms)
			CreateAndSetChildDomain (1ms)
		EndReloadAssembly (541ms)
			LoadAssemblies (69ms)
			RebuildTransferFunctionScriptingTraits (0ms)
			SetupTypeCache (158ms)
			ReleaseScriptCaches (0ms)
			RebuildScriptCaches (35ms)
			SetupLoadedEditorAssemblies (290ms)
				LogAssemblyErrors (0ms)
				InitializePlatformSupportModulesInManaged (15ms)
				SetLoadedEditorAssemblies (0ms)
				RefreshPlugins (26ms)
				BeforeProcessingInitializeOnLoad (1ms)
				ProcessInitializeOnLoadAttributes (194ms)
				ProcessInitializeOnLoadMethodAttributes (54ms)
				AfterProcessingInitializeOnLoad (0ms)
				EditorAssembliesLoaded (0ms)
			ExecutionOrderSort2 (0ms)
			AwakeInstancesAfterBackupRestoration (0ms)
Platform modules already initialized, skipping
Registering precompiled user dll's ...
Registered in 0.002828 seconds.
Begin MonoManager ReloadAssembly
Native extension for WindowsStandalone target not found
Native extension for OSXStandalone target not found
Refreshing native plugins compatible for Editor in 0.74 ms, found 2 plugins.
Preloading 0 native plugins for Editor in 0.00 ms.
Mono: successfully reloaded assembly
- Completed reload, in  1.022 seconds
Domain Reload Profiling:
	ReloadAssembly (1023ms)
		BeginReloadAssembly (121ms)
			ExecutionOrderSort (0ms)
			DisableScriptedObjects (7ms)
			BackupInstance (0ms)
			ReleaseScriptingObjects (0ms)
			CreateAndSetChildDomain (32ms)
		EndReloadAssembly (780ms)
			LoadAssemblies (59ms)
			RebuildTransferFunctionScriptingTraits (0ms)
			SetupTypeCache (245ms)
			ReleaseScriptCaches (0ms)
			RebuildScriptCaches (55ms)
			SetupLoadedEditorAssemblies (364ms)
				LogAssemblyErrors (0ms)
				InitializePlatformSupportModulesInManaged (13ms)
				SetLoadedEditorAssemblies (1ms)
				RefreshPlugins (1ms)
				BeforeProcessingInitializeOnLoad (56ms)
				ProcessInitializeOnLoadAttributes (266ms)
				ProcessInitializeOnLoadMethodAttributes (26ms)
				AfterProcessingInitializeOnLoad (2ms)
				EditorAssembliesLoaded (0ms)
			ExecutionOrderSort2 (0ms)
			AwakeInstancesAfterBackupRestoration (4ms)
Platform modules already initialized, skipping
========================================================================
Worker process is ready to serve import requests
Launching external process: /Applications/Unity/Hub/Editor/2021.2.7f1/Unity.app/Contents/Tools/UnityShaderCompiler
Launched and connected shader compiler UnityShaderCompiler after 0.01 seconds
Refreshing native plugins compatible for Editor in 0.39 ms, found 2 plugins.
Preloading 0 native plugins for Editor in 0.00 ms.
Unloading 1556 Unused Serialized files (Serialized files now loaded: 0)
Unloading 19 unused Assets / (37.2 KB). Loaded Objects now: 2029.
Memory consumption went from 161.9 MB to 161.8 MB.
Total: 3.143586 ms (FindLiveObjects: 0.154537 ms CreateObjectMapping: 0.075447 ms MarkObjects: 2.808578 ms  DeleteObjects: 0.103990 ms)

AssetImportParameters requested are different than current active one (requested -> active):
  custom:video-decoder-ogg-theora: a1e56fd34408186e4bbccfd4996cb3dc -> 
  custom:container-muxer-webm: aa71ff27fc2769a1b78a27578f13a17b -> 
  custom:container-demuxer-webm: 4f35f7cbe854078d1ac9338744f61a02 -> 
  custom:video-encoder-webm-vp8: eb34c28f22e8b96e1ab97ce403110664 -> 
  custom:framework-osx-AVFoundation: e770b220cccbd017edd2c1fefb359320 -> 
  custom:audio-encoder-webm-vorbis: bf7c407c2cedff20999df2af8eb42d56 -> 
  custom:container-demuxer-ogg: 62fdf1f143b41e24485cea50d1cbac27 -> 
  custom:video-decoder-webm-vp8: 9c59270c3fd7afecdb556c50c9e8de78 -> 
  custom:audio-decoder-ogg-vorbis: bf7c407c2cedff20999df2af8eb42d56 -> 
========================================================================
Received Import Request.
  Time since last request: 1143775.230494 seconds.
  path: Assets/Prefabs/Fx/ElectricLight.prefab
  artifactKey: Guid(95c383d0df55c4273b601d928550024d) Importer(815301076,1909f56bfc062723c751e8b465ee728b)
Start importing Assets/Prefabs/Fx/ElectricLight.prefab using Guid(95c383d0df55c4273b601d928550024d) Importer(815301076,1909f56bfc062723c751e8b465ee728b)  -> (artifact id: '9ce7359796b0d8131d4390f01308e179') in 2.411909 seconds 
========================================================================
Received Import Request.
  Time since last request: 0.000086 seconds.
  path: Assets/Prefabs/Fx/UI.prefab
  artifactKey: Guid(91aff5edf09ce4e789fcc35f95aaf059) Importer(815301076,1909f56bfc062723c751e8b465ee728b)
Start importing Assets/Prefabs/Fx/UI.prefab using Guid(91aff5edf09ce4e789fcc35f95aaf059) Importer(815301076,1909f56bfc062723c751e8b465ee728b)  -> (artifact id: '4143709136aa3d26a96f2c9763702226') in 0.122410 seconds 
========================================================================
Received Import Request.
  Time since last request: 32.504015 seconds.
  path: Assets/Prefabs/Fx/ElectricLight.prefab
  artifactKey: Guid(95c383d0df55c4273b601d928550024d) Importer(815301076,1909f56bfc062723c751e8b465ee728b)
Start importing Assets/Prefabs/Fx/ElectricLight.prefab using Guid(95c383d0df55c4273b601d928550024d) Importer(815301076,1909f56bfc062723c751e8b465ee728b)  -> (artifact id: '9ce7359796b0d8131d4390f01308e179') in 0.004562 seconds 
========================================================================
Received Import Request.
  Time since last request: 0.000059 seconds.
  path: Assets/Prefabs/Fx/NextLevelGraphic.prefab
  artifactKey: Guid(13e774e5285bb419b94ecce707d642f5) Importer(815301076,1909f56bfc062723c751e8b465ee728b)
Start importing Assets/Prefabs/Fx/NextLevelGraphic.prefab using Guid(13e774e5285bb419b94ecce707d642f5) Importer(815301076,1909f56bfc062723c751e8b465ee728b)  -> (artifact id: 'b456d4d278678539b9abaaa4f5c166bc') in 0.030969 seconds 
========================================================================
Received Import Request.
  Time since last request: 6.845836 seconds.
  path: Assets/Prefabs/Fx/ElectricLight.prefab
  artifactKey: Guid(95c383d0df55c4273b601d928550024d) Importer(815301076,1909f56bfc062723c751e8b465ee728b)
Start importing Assets/Prefabs/Fx/ElectricLight.prefab using Guid(95c383d0df55c4273b601d928550024d) Importer(815301076,1909f56bfc062723c751e8b465ee728b)  -> (artifact id: '9ce7359796b0d8131d4390f01308e179') in 0.004895 seconds 
========================================================================
Received Import Request.
  Time since last request: 0.000066 seconds.
  path: Assets/Prefabs/Fx/NextLevelGraphic.prefab
  artifactKey: Guid(13e774e5285bb419b94ecce707d642f5) Importer(815301076,1909f56bfc062723c751e8b465ee728b)
Start importing Assets/Prefabs/Fx/NextLevelGraphic.prefab using Guid(13e774e5285bb419b94ecce707d642f5) Importer(815301076,1909f56bfc062723c751e8b465ee728b)  -> (artifact id: 'b456d4d278678539b9abaaa4f5c166bc') in 0.009358 seconds 
========================================================================
Received Import Request.
  Time since last request: 17.139423 seconds.
  path: Assets/Prefabs/Fx/ElectricLight.prefab
  artifactKey: Guid(95c383d0df55c4273b601d928550024d) Importer(815301076,1909f56bfc062723c751e8b465ee728b)
Start importing Assets/Prefabs/Fx/ElectricLight.prefab using Guid(95c383d0df55c4273b601d928550024d) Importer(815301076,1909f56bfc062723c751e8b465ee728b)  -> (artifact id: '9ce7359796b0d8131d4390f01308e179') in 0.004612 seconds 
========================================================================
Received Import Request.
  Time since last request: 0.000127 seconds.
  path: Assets/Prefabs/Fx/NextLevelGraphic.prefab
  artifactKey: Guid(13e774e5285bb419b94ecce707d642f5) Importer(815301076,1909f56bfc062723c751e8b465ee728b)
Start importing Assets/Prefabs/Fx/NextLevelGraphic.prefab using Guid(13e774e5285bb419b94ecce707d642f5) Importer(815301076,1909f56bfc062723c751e8b465ee728b)  -> (artifact id: 'b456d4d278678539b9abaaa4f5c166bc') in 0.008411 seconds 
========================================================================
Received Import Request.
  Time since last request: 21.625520 seconds.
  path: Assets/Prefabs/Fx/ElectricLight.prefab
  artifactKey: Guid(95c383d0df55c4273b601d928550024d) Importer(815301076,1909f56bfc062723c751e8b465ee728b)
Start importing Assets/Prefabs/Fx/ElectricLight.prefab using Guid(95c383d0df55c4273b601d928550024d) Importer(815301076,1909f56bfc062723c751e8b465ee728b)  -> (artifact id: '9ce7359796b0d8131d4390f01308e179') in 0.004399 seconds 
========================================================================
Received Import Request.
  Time since last request: 0.000062 seconds.
  path: Assets/Prefabs/Fx/NextLevelGraphic.prefab
  artifactKey: Guid(13e774e5285bb419b94ecce707d642f5) Importer(815301076,1909f56bfc062723c751e8b465ee728b)
Start importing Assets/Prefabs/Fx/NextLevelGraphic.prefab using Guid(13e774e5285bb419b94ecce707d642f5) Importer(815301076,1909f56bfc062723c751e8b465ee728b)  -> (artifact id: 'b456d4d278678539b9abaaa4f5c166bc') in 0.009146 seconds 
========================================================================
Received Import Request.
  Time since last request: 0.793470 seconds.
  path: Assets/Prefabs/Fx/ElectricLight.prefab
  artifactKey: Guid(95c383d0df55c4273b601d928550024d) Importer(815301076,1909f56bfc062723c751e8b465ee728b)
Start importing Assets/Prefabs/Fx/ElectricLight.prefab using Guid(95c383d0df55c4273b601d928550024d) Importer(815301076,1909f56bfc062723c751e8b465ee728b)  -> (artifact id: '9ce7359796b0d8131d4390f01308e179') in 0.004382 seconds 
========================================================================
Received Import Request.
  Time since last request: 0.000088 seconds.
  path: Assets/Prefabs/Fx/NextLevelGraphic.prefab
  artifactKey: Guid(13e774e5285bb419b94ecce707d642f5) Importer(815301076,1909f56bfc062723c751e8b465ee728b)
Start importing Assets/Prefabs/Fx/NextLevelGraphic.prefab using Guid(13e774e5285bb419b94ecce707d642f5) Importer(815301076,1909f56bfc062723c751e8b465ee728b)  -> (artifact id: 'b456d4d278678539b9abaaa4f5c166bc') in 0.008638 seconds 
========================================================================
Received Import Request.
  Time since last request: 5.309789 seconds.
  path: Assets/TextMesh Pro/Resources/Fonts & Materials/LiberationSans SDF - Fallback.asset
  artifactKey: Guid(2e498d1c8094910479dc3e1b768306a4) Importer(815301076,1909f56bfc062723c751e8b465ee728b)
Start importing Assets/TextMesh Pro/Resources/Fonts & Materials/LiberationSans SDF - Fallback.asset using Guid(2e498d1c8094910479dc3e1b768306a4) Importer(815301076,1909f56bfc062723c751e8b465ee728b)  -> (artifact id: '851c320b3cf6ff7014a58eba0faf14b4') in 0.854270 seconds 
========================================================================
Received Import Request.
  Time since last request: 0.895728 seconds.
  path: Assets/Prefabs/Fx/ElectricLight.prefab
  artifactKey: Guid(95c383d0df55c4273b601d928550024d) Importer(815301076,1909f56bfc062723c751e8b465ee728b)
Start importing Assets/Prefabs/Fx/ElectricLight.prefab using Guid(95c383d0df55c4273b601d928550024d) Importer(815301076,1909f56bfc062723c751e8b465ee728b)  -> (artifact id: '9ce7359796b0d8131d4390f01308e179') in 0.004600 seconds 
========================================================================
Received Import Request.
  Time since last request: 0.000058 seconds.
  path: Assets/Prefabs/Fx/NextLevelGraphic.prefab
  artifactKey: Guid(13e774e5285bb419b94ecce707d642f5) Importer(815301076,1909f56bfc062723c751e8b465ee728b)
Start importing Assets/Prefabs/Fx/NextLevelGraphic.prefab using Guid(13e774e5285bb419b94ecce707d642f5) Importer(815301076,1909f56bfc062723c751e8b465ee728b)  -> (artifact id: 'b456d4d278678539b9abaaa4f5c166bc') in 0.008446 seconds 
========================================================================
Received Import Request.
  Time since last request: 55.323296 seconds.
  path: Assets/Prefabs/Fx/ElectricLight.prefab
  artifactKey: Guid(95c383d0df55c4273b601d928550024d) Importer(815301076,1909f56bfc062723c751e8b465ee728b)
Start importing Assets/Prefabs/Fx/ElectricLight.prefab using Guid(95c383d0df55c4273b601d928550024d) Importer(815301076,1909f56bfc062723c751e8b465ee728b)  -> (artifact id: '9ce7359796b0d8131d4390f01308e179') in 0.003883 seconds 
========================================================================
Received Import Request.
  Time since last request: 0.000080 seconds.
  path: Assets/Prefabs/Fx/NextLevelGraphic.prefab
  artifactKey: Guid(13e774e5285bb419b94ecce707d642f5) Importer(815301076,1909f56bfc062723c751e8b465ee728b)
Start importing Assets/Prefabs/Fx/NextLevelGraphic.prefab using Guid(13e774e5285bb419b94ecce707d642f5) Importer(815301076,1909f56bfc062723c751e8b465ee728b)  -> (artifact id: 'b456d4d278678539b9abaaa4f5c166bc') in 0.009499 seconds 
========================================================================
Received Import Request.
  Time since last request: 23.837727 seconds.
  path: Assets/Prefabs/Fx/ElectricLight.prefab
  artifactKey: Guid(95c383d0df55c4273b601d928550024d) Importer(815301076,1909f56bfc062723c751e8b465ee728b)
Start importing Assets/Prefabs/Fx/ElectricLight.prefab using Guid(95c383d0df55c4273b601d928550024d) Importer(815301076,1909f56bfc062723c751e8b465ee728b)  -> (artifact id: '9ce7359796b0d8131d4390f01308e179') in 0.004179 seconds 
========================================================================
Received Import Request.
  Time since last request: 0.000081 seconds.
  path: Assets/Prefabs/Fx/NextLevelGraphic.prefab
  artifactKey: Guid(13e774e5285bb419b94ecce707d642f5) Importer(815301076,1909f56bfc062723c751e8b465ee728b)
Start importing Assets/Prefabs/Fx/NextLevelGraphic.prefab using Guid(13e774e5285bb419b94ecce707d642f5) Importer(815301076,1909f56bfc062723c751e8b465ee728b)  -> (artifact id: 'b456d4d278678539b9abaaa4f5c166bc') in 0.010125 seconds 
========================================================================
Received Import Request.
  Time since last request: 2.006032 seconds.
  path: Assets/Prefabs/Fx/ElectricLight.prefab
  artifactKey: Guid(95c383d0df55c4273b601d928550024d) Importer(815301076,1909f56bfc062723c751e8b465ee728b)
Start importing Assets/Prefabs/Fx/ElectricLight.prefab using Guid(95c383d0df55c4273b601d928550024d) Importer(815301076,1909f56bfc062723c751e8b465ee728b)  -> (artifact id: '9ce7359796b0d8131d4390f01308e179') in 0.004170 seconds 
========================================================================
Received Import Request.
  Time since last request: 0.000066 seconds.
  path: Assets/Prefabs/Fx/NextLevelGraphic.prefab
  artifactKey: Guid(13e774e5285bb419b94ecce707d642f5) Importer(815301076,1909f56bfc062723c751e8b465ee728b)
Start importing Assets/Prefabs/Fx/NextLevelGraphic.prefab using Guid(13e774e5285bb419b94ecce707d642f5) Importer(815301076,1909f56bfc062723c751e8b465ee728b)  -> (artifact id: 'b456d4d278678539b9abaaa4f5c166bc') in 0.009128 seconds 
========================================================================
Received Import Request.
  Time since last request: 0.166941 seconds.
  path: Assets/Prefabs/Fx/ElectricLight.prefab
  artifactKey: Guid(95c383d0df55c4273b601d928550024d) Importer(815301076,1909f56bfc062723c751e8b465ee728b)
Start importing Assets/Prefabs/Fx/ElectricLight.prefab using Guid(95c383d0df55c4273b601d928550024d) Importer(815301076,1909f56bfc062723c751e8b465ee728b)  -> (artifact id: '9ce7359796b0d8131d4390f01308e179') in 0.004167 seconds 
========================================================================
Received Import Request.
  Time since last request: 0.000076 seconds.
  path: Assets/Prefabs/Fx/NextLevelGraphic.prefab
  artifactKey: Guid(13e774e5285bb419b94ecce707d642f5) Importer(815301076,1909f56bfc062723c751e8b465ee728b)
Start importing Assets/Prefabs/Fx/NextLevelGraphic.prefab using Guid(13e774e5285bb419b94ecce707d642f5) Importer(815301076,1909f56bfc062723c751e8b465ee728b)  -> (artifact id: 'b456d4d278678539b9abaaa4f5c166bc') in 0.008206 seconds 
========================================================================
Received Import Request.
  Time since last request: 0.590472 seconds.
  path: Assets/Prefabs/Fx/ElectricLight.prefab
  artifactKey: Guid(95c383d0df55c4273b601d928550024d) Importer(815301076,1909f56bfc062723c751e8b465ee728b)
Start importing Assets/Prefabs/Fx/ElectricLight.prefab using Guid(95c383d0df55c4273b601d928550024d) Importer(815301076,1909f56bfc062723c751e8b465ee728b)  -> (artifact id: '9ce7359796b0d8131d4390f01308e179') in 0.004135 seconds 
========================================================================
Received Import Request.
  Time since last request: 0.000066 seconds.
  path: Assets/Prefabs/Fx/NextLevelGraphic.prefab
  artifactKey: Guid(13e774e5285bb419b94ecce707d642f5) Importer(815301076,1909f56bfc062723c751e8b465ee728b)
Start importing Assets/Prefabs/Fx/NextLevelGraphic.prefab using Guid(13e774e5285bb419b94ecce707d642f5) Importer(815301076,1909f56bfc062723c751e8b465ee728b)  -> (artifact id: 'b456d4d278678539b9abaaa4f5c166bc') in 0.009068 seconds 
========================================================================
Received Import Request.
  Time since last request: 0.171017 seconds.
  path: Assets/Prefabs/Fx/ElectricLight.prefab
  artifactKey: Guid(95c383d0df55c4273b601d928550024d) Importer(815301076,1909f56bfc062723c751e8b465ee728b)
Start importing Assets/Prefabs/Fx/ElectricLight.prefab using Guid(95c383d0df55c4273b601d928550024d) Importer(815301076,1909f56bfc062723c751e8b465ee728b)  -> (artifact id: '9ce7359796b0d8131d4390f01308e179') in 0.003464 seconds 
========================================================================
Received Import Request.
  Time since last request: 0.000063 seconds.
  path: Assets/Prefabs/Fx/NextLevelGraphic.prefab
  artifactKey: Guid(13e774e5285bb419b94ecce707d642f5) Importer(815301076,1909f56bfc062723c751e8b465ee728b)
Start importing Assets/Prefabs/Fx/NextLevelGraphic.prefab using Guid(13e774e5285bb419b94ecce707d642f5) Importer(815301076,1909f56bfc062723c751e8b465ee728b)  -> (artifact id: 'b456d4d278678539b9abaaa4f5c166bc') in 0.009453 seconds 
========================================================================
Received Import Request.
  Time since last request: 0.609220 seconds.
  path: Assets/Prefabs/Fx/ElectricLight.prefab
  artifactKey: Guid(95c383d0df55c4273b601d928550024d) Importer(815301076,1909f56bfc062723c751e8b465ee728b)
Start importing Assets/Prefabs/Fx/ElectricLight.prefab using Guid(95c383d0df55c4273b601d928550024d) Importer(815301076,1909f56bfc062723c751e8b465ee728b)  -> (artifact id: '9ce7359796b0d8131d4390f01308e179') in 0.004192 seconds 
========================================================================
Received Import Request.
  Time since last request: 0.000063 seconds.
  path: Assets/Prefabs/Fx/NextLevelGraphic.prefab
  artifactKey: Guid(13e774e5285bb419b94ecce707d642f5) Importer(815301076,1909f56bfc062723c751e8b465ee728b)
Start importing Assets/Prefabs/Fx/NextLevelGraphic.prefab using Guid(13e774e5285bb419b94ecce707d642f5) Importer(815301076,1909f56bfc062723c751e8b465ee728b)  -> (artifact id: 'b456d4d278678539b9abaaa4f5c166bc') in 0.008481 seconds 
========================================================================
Received Import Request.
  Time since last request: 0.580798 seconds.
  path: Assets/Prefabs/Fx/ElectricLight.prefab
  artifactKey: Guid(95c383d0df55c4273b601d928550024d) Importer(815301076,1909f56bfc062723c751e8b465ee728b)
Start importing Assets/Prefabs/Fx/ElectricLight.prefab using Guid(95c383d0df55c4273b601d928550024d) Importer(815301076,1909f56bfc062723c751e8b465ee728b)  -> (artifact id: '9ce7359796b0d8131d4390f01308e179') in 0.003793 seconds 
========================================================================
Received Import Request.
  Time since last request: 0.000143 seconds.
  path: Assets/Prefabs/Fx/NextLevelGraphic.prefab
  artifactKey: Guid(13e774e5285bb419b94ecce707d642f5) Importer(815301076,1909f56bfc062723c751e8b465ee728b)
Start importing Assets/Prefabs/Fx/NextLevelGraphic.prefab using Guid(13e774e5285bb419b94ecce707d642f5) Importer(815301076,1909f56bfc062723c751e8b465ee728b)  -> (artifact id: 'b456d4d278678539b9abaaa4f5c166bc') in 0.008216 seconds 
========================================================================
Received Import Request.
  Time since last request: 19.819202 seconds.
  path: Assets/Prefabs/Fx/ElectricLight.prefab
  artifactKey: Guid(95c383d0df55c4273b601d928550024d) Importer(815301076,1909f56bfc062723c751e8b465ee728b)
Start importing Assets/Prefabs/Fx/ElectricLight.prefab using Guid(95c383d0df55c4273b601d928550024d) Importer(815301076,1909f56bfc062723c751e8b465ee728b)  -> (artifact id: '9ce7359796b0d8131d4390f01308e179') in 0.004439 seconds 
========================================================================
Received Import Request.
  Time since last request: 0.000070 seconds.
  path: Assets/Prefabs/Fx/NextLevelGraphic.prefab
  artifactKey: Guid(13e774e5285bb419b94ecce707d642f5) Importer(815301076,1909f56bfc062723c751e8b465ee728b)
Start importing Assets/Prefabs/Fx/NextLevelGraphic.prefab using Guid(13e774e5285bb419b94ecce707d642f5) Importer(815301076,1909f56bfc062723c751e8b465ee728b)  -> (artifact id: 'b456d4d278678539b9abaaa4f5c166bc') in 0.008482 seconds 
========================================================================
Received Prepare
Registering precompiled user dll's ...
Registered in 0.001375 seconds.
Begin MonoManager ReloadAssembly
Native extension for WindowsStandalone target not found
Native extension for OSXStandalone target not found
Refreshing native plugins compatible for Editor in 0.31 ms, found 2 plugins.
Preloading 0 native plugins for Editor in 0.00 ms.
Mono: successfully reloaded assembly
- Completed reload, in  0.968 seconds
Domain Reload Profiling:
	ReloadAssembly (968ms)
		BeginReloadAssembly (127ms)
			ExecutionOrderSort (0ms)
			DisableScriptedObjects (5ms)
			BackupInstance (0ms)
			ReleaseScriptingObjects (0ms)
			CreateAndSetChildDomain (48ms)
		EndReloadAssembly (729ms)
			LoadAssemblies (56ms)
			RebuildTransferFunctionScriptingTraits (0ms)
			SetupTypeCache (228ms)
			ReleaseScriptCaches (1ms)
			RebuildScriptCaches (45ms)
			SetupLoadedEditorAssemblies (333ms)
				LogAssemblyErrors (0ms)
				InitializePlatformSupportModulesInManaged (10ms)
				SetLoadedEditorAssemblies (1ms)
				RefreshPlugins (0ms)
				BeforeProcessingInitializeOnLoad (39ms)
				ProcessInitializeOnLoadAttributes (254ms)
				ProcessInitializeOnLoadMethodAttributes (28ms)
				AfterProcessingInitializeOnLoad (2ms)
				EditorAssembliesLoaded (0ms)
			ExecutionOrderSort2 (0ms)
			AwakeInstancesAfterBackupRestoration (12ms)
Platform modules already initialized, skipping
Refreshing native plugins compatible for Editor in 0.33 ms, found 2 plugins.
Preloading 0 native plugins for Editor in 0.00 ms.
Unloading 1538 Unused Serialized files (Serialized files now loaded: 0)
Unloading 16 unused Assets / (22.8 KB). Loaded Objects now: 2089.
Memory consumption went from 174.6 MB to 174.6 MB.
Total: 2.903604 ms (FindLiveObjects: 0.145856 ms CreateObjectMapping: 0.055901 ms MarkObjects: 2.671168 ms  DeleteObjects: 0.029926 ms)

AssetImportParameters requested are different than current active one (requested -> active):
  custom:video-decoder-ogg-theora: a1e56fd34408186e4bbccfd4996cb3dc -> 
  custom:container-muxer-webm: aa71ff27fc2769a1b78a27578f13a17b -> 
  custom:container-demuxer-webm: 4f35f7cbe854078d1ac9338744f61a02 -> 
  custom:video-encoder-webm-vp8: eb34c28f22e8b96e1ab97ce403110664 -> 
  custom:framework-osx-AVFoundation: e770b220cccbd017edd2c1fefb359320 -> 
  custom:audio-encoder-webm-vorbis: bf7c407c2cedff20999df2af8eb42d56 -> 
  custom:container-demuxer-ogg: 62fdf1f143b41e24485cea50d1cbac27 -> 
  custom:video-decoder-webm-vp8: 9c59270c3fd7afecdb556c50c9e8de78 -> 
  custom:audio-decoder-ogg-vorbis: bf7c407c2cedff20999df2af8eb42d56 -> 
========================================================================
Received Import Request.
  Time since last request: 761.837065 seconds.
  path: Assets/Prefabs/Fx/UI.prefab
  artifactKey: Guid(91aff5edf09ce4e789fcc35f95aaf059) Importer(815301076,1909f56bfc062723c751e8b465ee728b)
Start importing Assets/Prefabs/Fx/UI.prefab using Guid(91aff5edf09ce4e789fcc35f95aaf059) Importer(815301076,1909f56bfc062723c751e8b465ee728b)  -> (artifact id: '559b51908ab11520e5e526cacf97d146') in 0.103327 seconds 
========================================================================
Received Prepare
Registering precompiled user dll's ...
Registered in 0.001702 seconds.
Begin MonoManager ReloadAssembly
Native extension for WindowsStandalone target not found
Native extension for OSXStandalone target not found
Refreshing native plugins compatible for Editor in 0.29 ms, found 2 plugins.
Preloading 0 native plugins for Editor in 0.00 ms.
Mono: successfully reloaded assembly
- Completed reload, in  0.921 seconds
Domain Reload Profiling:
	ReloadAssembly (922ms)
		BeginReloadAssembly (135ms)
			ExecutionOrderSort (0ms)
			DisableScriptedObjects (6ms)
			BackupInstance (0ms)
			ReleaseScriptingObjects (0ms)
			CreateAndSetChildDomain (51ms)
		EndReloadAssembly (681ms)
			LoadAssemblies (58ms)
			RebuildTransferFunctionScriptingTraits (0ms)
			SetupTypeCache (212ms)
			ReleaseScriptCaches (1ms)
			RebuildScriptCaches (41ms)
			SetupLoadedEditorAssemblies (315ms)
				LogAssemblyErrors (0ms)
				InitializePlatformSupportModulesInManaged (10ms)
				SetLoadedEditorAssemblies (0ms)
				RefreshPlugins (0ms)
				BeforeProcessingInitializeOnLoad (39ms)
				ProcessInitializeOnLoadAttributes (238ms)
				ProcessInitializeOnLoadMethodAttributes (25ms)
				AfterProcessingInitializeOnLoad (2ms)
				EditorAssembliesLoaded (0ms)
			ExecutionOrderSort2 (0ms)
			AwakeInstancesAfterBackupRestoration (14ms)
Platform modules already initialized, skipping
Refreshing native plugins compatible for Editor in 0.38 ms, found 2 plugins.
Preloading 0 native plugins for Editor in 0.00 ms.
Unloading 1537 Unused Serialized files (Serialized files now loaded: 0)
Unloading 16 unused Assets / (22.8 KB). Loaded Objects now: 2091.
Memory consumption went from 174.9 MB to 174.8 MB.
Total: 2.979348 ms (FindLiveObjects: 0.148509 ms CreateObjectMapping: 0.062818 ms MarkObjects: 2.731897 ms  DeleteObjects: 0.035259 ms)

AssetImportParameters requested are different than current active one (requested -> active):
  custom:video-decoder-ogg-theora: a1e56fd34408186e4bbccfd4996cb3dc -> 
  custom:container-muxer-webm: aa71ff27fc2769a1b78a27578f13a17b -> 
  custom:container-demuxer-webm: 4f35f7cbe854078d1ac9338744f61a02 -> 
  custom:video-encoder-webm-vp8: eb34c28f22e8b96e1ab97ce403110664 -> 
  custom:framework-osx-AVFoundation: e770b220cccbd017edd2c1fefb359320 -> 
  custom:audio-encoder-webm-vorbis: bf7c407c2cedff20999df2af8eb42d56 -> 
  custom:container-demuxer-ogg: 62fdf1f143b41e24485cea50d1cbac27 -> 
  custom:video-decoder-webm-vp8: 9c59270c3fd7afecdb556c50c9e8de78 -> 
  custom:audio-decoder-ogg-vorbis: bf7c407c2cedff20999df2af8eb42d56 -> 
========================================================================
Received Import Request.
  Time since last request: 920.091227 seconds.
  path: Assets/Prefabs/Fx/UI.prefab
  artifactKey: Guid(91aff5edf09ce4e789fcc35f95aaf059) Importer(815301076,1909f56bfc062723c751e8b465ee728b)
Start importing Assets/Prefabs/Fx/UI.prefab using Guid(91aff5edf09ce4e789fcc35f95aaf059) Importer(815301076,1909f56bfc062723c751e8b465ee728b)  -> (artifact id: 'a6c85cd149fa333dae8da0dc9bcc91d0') in 0.105011 seconds 
========================================================================
Received Import Request.
  Time since last request: 9.159624 seconds.
  path: Assets/Prefabs/Fx/UI.prefab
  artifactKey: Guid(91aff5edf09ce4e789fcc35f95aaf059) Importer(815301076,1909f56bfc062723c751e8b465ee728b)
Start importing Assets/Prefabs/Fx/UI.prefab using Guid(91aff5edf09ce4e789fcc35f95aaf059) Importer(815301076,1909f56bfc062723c751e8b465ee728b)  -> (artifact id: 'a76502bf55f6245975998775ed57458a') in 0.023686 seconds 
========================================================================
Received Import Request.
  Time since last request: 0.595708 seconds.
  path: Assets/Prefabs/Fx/UI.prefab
  artifactKey: Guid(91aff5edf09ce4e789fcc35f95aaf059) Importer(815301076,1909f56bfc062723c751e8b465ee728b)
Start importing Assets/Prefabs/Fx/UI.prefab using Guid(91aff5edf09ce4e789fcc35f95aaf059) Importer(815301076,1909f56bfc062723c751e8b465ee728b)  -> (artifact id: '50bf741f6b4908b320f0fbae49ae6601') in 0.023694 seconds 
========================================================================
Received Prepare
Registering precompiled user dll's ...
Registered in 0.001815 seconds.
Begin MonoManager ReloadAssembly
Native extension for WindowsStandalone target not found
Native extension for OSXStandalone target not found
Refreshing native plugins compatible for Editor in 0.30 ms, found 2 plugins.
Preloading 0 native plugins for Editor in 0.00 ms.
Mono: successfully reloaded assembly
- Completed reload, in  0.946 seconds
Domain Reload Profiling:
	ReloadAssembly (947ms)
		BeginReloadAssembly (130ms)
			ExecutionOrderSort (0ms)
			DisableScriptedObjects (6ms)
			BackupInstance (0ms)
			ReleaseScriptingObjects (0ms)
			CreateAndSetChildDomain (49ms)
		EndReloadAssembly (713ms)
			LoadAssemblies (57ms)
			RebuildTransferFunctionScriptingTraits (0ms)
			SetupTypeCache (217ms)
			ReleaseScriptCaches (1ms)
			RebuildScriptCaches (40ms)
			SetupLoadedEditorAssemblies (340ms)
				LogAssemblyErrors (0ms)
				InitializePlatformSupportModulesInManaged (10ms)
				SetLoadedEditorAssemblies (0ms)
				RefreshPlugins (0ms)
				BeforeProcessingInitializeOnLoad (35ms)
				ProcessInitializeOnLoadAttributes (265ms)
				ProcessInitializeOnLoadMethodAttributes (27ms)
				AfterProcessingInitializeOnLoad (2ms)
				EditorAssembliesLoaded (0ms)
			ExecutionOrderSort2 (0ms)
			AwakeInstancesAfterBackupRestoration (12ms)
Platform modules already initialized, skipping
Refreshing native plugins compatible for Editor in 0.32 ms, found 2 plugins.
Preloading 0 native plugins for Editor in 0.00 ms.
Unloading 1537 Unused Serialized files (Serialized files now loaded: 0)
Unloading 16 unused Assets / (22.9 KB). Loaded Objects now: 2093.
Memory consumption went from 175.1 MB to 175.1 MB.
Total: 2.809018 ms (FindLiveObjects: 0.132115 ms CreateObjectMapping: 0.053486 ms MarkObjects: 2.593983 ms  DeleteObjects: 0.028791 ms)

AssetImportParameters requested are different than current active one (requested -> active):
  custom:video-decoder-ogg-theora: a1e56fd34408186e4bbccfd4996cb3dc -> 
  custom:container-muxer-webm: aa71ff27fc2769a1b78a27578f13a17b -> 
  custom:container-demuxer-webm: 4f35f7cbe854078d1ac9338744f61a02 -> 
  custom:video-encoder-webm-vp8: eb34c28f22e8b96e1ab97ce403110664 -> 
  custom:framework-osx-AVFoundation: e770b220cccbd017edd2c1fefb359320 -> 
  custom:audio-encoder-webm-vorbis: bf7c407c2cedff20999df2af8eb42d56 -> 
  custom:container-demuxer-ogg: 62fdf1f143b41e24485cea50d1cbac27 -> 
  custom:video-decoder-webm-vp8: 9c59270c3fd7afecdb556c50c9e8de78 -> 
  custom:audio-decoder-ogg-vorbis: bf7c407c2cedff20999df2af8eb42d56 -> 
========================================================================
Received Prepare
Registering precompiled user dll's ...
Registered in 0.001533 seconds.
Begin MonoManager ReloadAssembly
Native extension for WindowsStandalone target not found
Native extension for OSXStandalone target not found
Refreshing native plugins compatible for Editor in 0.31 ms, found 2 plugins.
Preloading 0 native plugins for Editor in 0.00 ms.
Mono: successfully reloaded assembly
- Completed reload, in  0.928 seconds
Domain Reload Profiling:
	ReloadAssembly (929ms)
		BeginReloadAssembly (127ms)
			ExecutionOrderSort (0ms)
			DisableScriptedObjects (8ms)
			BackupInstance (0ms)
			ReleaseScriptingObjects (0ms)
			CreateAndSetChildDomain (45ms)
		EndReloadAssembly (694ms)
			LoadAssemblies (56ms)
			RebuildTransferFunctionScriptingTraits (0ms)
			SetupTypeCache (216ms)
			ReleaseScriptCaches (1ms)
			RebuildScriptCaches (41ms)
			SetupLoadedEditorAssemblies (323ms)
				LogAssemblyErrors (0ms)
				InitializePlatformSupportModulesInManaged (9ms)
				SetLoadedEditorAssemblies (1ms)
				RefreshPlugins (0ms)
				BeforeProcessingInitializeOnLoad (42ms)
				ProcessInitializeOnLoadAttributes (239ms)
				ProcessInitializeOnLoadMethodAttributes (29ms)
				AfterProcessingInitializeOnLoad (2ms)
				EditorAssembliesLoaded (0ms)
			ExecutionOrderSort2 (0ms)
			AwakeInstancesAfterBackupRestoration (13ms)
Platform modules already initialized, skipping
Refreshing native plugins compatible for Editor in 0.33 ms, found 2 plugins.
Preloading 0 native plugins for Editor in 0.00 ms.
Unloading 1537 Unused Serialized files (Serialized files now loaded: 0)
Unloading 14 unused Assets / (22.0 KB). Loaded Objects now: 2095.
Memory consumption went from 175.3 MB to 175.2 MB.
Total: 2.819033 ms (FindLiveObjects: 0.145032 ms CreateObjectMapping: 0.056516 ms MarkObjects: 2.603820 ms  DeleteObjects: 0.012919 ms)

AssetImportParameters requested are different than current active one (requested -> active):
  custom:video-decoder-ogg-theora: a1e56fd34408186e4bbccfd4996cb3dc -> 
  custom:container-muxer-webm: aa71ff27fc2769a1b78a27578f13a17b -> 
  custom:container-demuxer-webm: 4f35f7cbe854078d1ac9338744f61a02 -> 
  custom:video-encoder-webm-vp8: eb34c28f22e8b96e1ab97ce403110664 -> 
  custom:framework-osx-AVFoundation: e770b220cccbd017edd2c1fefb359320 -> 
  custom:audio-encoder-webm-vorbis: bf7c407c2cedff20999df2af8eb42d56 -> 
  custom:container-demuxer-ogg: 62fdf1f143b41e24485cea50d1cbac27 -> 
  custom:video-decoder-webm-vp8: 9c59270c3fd7afecdb556c50c9e8de78 -> 
  custom:audio-decoder-ogg-vorbis: bf7c407c2cedff20999df2af8eb42d56 -> 
========================================================================
Received Prepare
Registering precompiled user dll's ...
Registered in 0.001698 seconds.
Begin MonoManager ReloadAssembly
Native extension for WindowsStandalone target not found
Native extension for OSXStandalone target not found
Refreshing native plugins compatible for Editor in 0.29 ms, found 2 plugins.
Preloading 0 native plugins for Editor in 0.00 ms.
Mono: successfully reloaded assembly
- Completed reload, in  0.958 seconds
Domain Reload Profiling:
	ReloadAssembly (959ms)
		BeginReloadAssembly (125ms)
			ExecutionOrderSort (0ms)
			DisableScriptedObjects (7ms)
			BackupInstance (0ms)
			ReleaseScriptingObjects (0ms)
			CreateAndSetChildDomain (46ms)
		EndReloadAssembly (726ms)
			LoadAssemblies (51ms)
			RebuildTransferFunctionScriptingTraits (0ms)
			SetupTypeCache (212ms)
			ReleaseScriptCaches (1ms)
			RebuildScriptCaches (43ms)
			SetupLoadedEditorAssemblies (355ms)
				LogAssemblyErrors (0ms)
				InitializePlatformSupportModulesInManaged (11ms)
				SetLoadedEditorAssemblies (0ms)
				RefreshPlugins (0ms)
				BeforeProcessingInitializeOnLoad (45ms)
				ProcessInitializeOnLoadAttributes (267ms)
				ProcessInitializeOnLoadMethodAttributes (30ms)
				AfterProcessingInitializeOnLoad (2ms)
				EditorAssembliesLoaded (0ms)
			ExecutionOrderSort2 (0ms)
			AwakeInstancesAfterBackupRestoration (13ms)
Platform modules already initialized, skipping
Refreshing native plugins compatible for Editor in 0.34 ms, found 2 plugins.
Preloading 0 native plugins for Editor in 0.00 ms.
Unloading 1537 Unused Serialized files (Serialized files now loaded: 0)
Unloading 14 unused Assets / (22.0 KB). Loaded Objects now: 2097.
Memory consumption went from 175.4 MB to 175.4 MB.
Total: 2.764202 ms (FindLiveObjects: 0.137900 ms CreateObjectMapping: 0.059966 ms MarkObjects: 2.552584 ms  DeleteObjects: 0.012994 ms)

AssetImportParameters requested are different than current active one (requested -> active):
  custom:video-decoder-ogg-theora: a1e56fd34408186e4bbccfd4996cb3dc -> 
  custom:container-muxer-webm: aa71ff27fc2769a1b78a27578f13a17b -> 
  custom:container-demuxer-webm: 4f35f7cbe854078d1ac9338744f61a02 -> 
  custom:video-encoder-webm-vp8: eb34c28f22e8b96e1ab97ce403110664 -> 
  custom:framework-osx-AVFoundation: e770b220cccbd017edd2c1fefb359320 -> 
  custom:audio-encoder-webm-vorbis: bf7c407c2cedff20999df2af8eb42d56 -> 
  custom:container-demuxer-ogg: 62fdf1f143b41e24485cea50d1cbac27 -> 
  custom:video-decoder-webm-vp8: 9c59270c3fd7afecdb556c50c9e8de78 -> 
  custom:audio-decoder-ogg-vorbis: bf7c407c2cedff20999df2af8eb42d56 -> 
========================================================================
Received Prepare
Registering precompiled user dll's ...
Registered in 0.001640 seconds.
Begin MonoManager ReloadAssembly
Native extension for WindowsStandalone target not found
Native extension for OSXStandalone target not found
Refreshing native plugins compatible for Editor in 0.55 ms, found 2 plugins.
Preloading 0 native plugins for Editor in 0.00 ms.
Mono: successfully reloaded assembly
- Completed reload, in  0.959 seconds
Domain Reload Profiling:
	ReloadAssembly (960ms)
		BeginReloadAssembly (126ms)
			ExecutionOrderSort (0ms)
			DisableScriptedObjects (7ms)
			BackupInstance (0ms)
			ReleaseScriptingObjects (0ms)
			CreateAndSetChildDomain (46ms)
		EndReloadAssembly (718ms)
			LoadAssemblies (51ms)
			RebuildTransferFunctionScriptingTraits (0ms)
			SetupTypeCache (211ms)
			ReleaseScriptCaches (1ms)
			RebuildScriptCaches (47ms)
			SetupLoadedEditorAssemblies (343ms)
				LogAssemblyErrors (0ms)
				InitializePlatformSupportModulesInManaged (12ms)
				SetLoadedEditorAssemblies (1ms)
				RefreshPlugins (1ms)
				BeforeProcessingInitializeOnLoad (40ms)
				ProcessInitializeOnLoadAttributes (258ms)
				ProcessInitializeOnLoadMethodAttributes (30ms)
				AfterProcessingInitializeOnLoad (2ms)
				EditorAssembliesLoaded (0ms)
			ExecutionOrderSort2 (0ms)
			AwakeInstancesAfterBackupRestoration (13ms)
Platform modules already initialized, skipping
Refreshing native plugins compatible for Editor in 0.34 ms, found 2 plugins.
Preloading 0 native plugins for Editor in 0.00 ms.
Unloading 1537 Unused Serialized files (Serialized files now loaded: 0)
Unloading 14 unused Assets / (22.0 KB). Loaded Objects now: 2099.
Memory consumption went from 176.0 MB to 176.0 MB.
Total: 2.816107 ms (FindLiveObjects: 0.145753 ms CreateObjectMapping: 0.059062 ms MarkObjects: 2.598312 ms  DeleteObjects: 0.012301 ms)

AssetImportParameters requested are different than current active one (requested -> active):
  custom:video-decoder-ogg-theora: a1e56fd34408186e4bbccfd4996cb3dc -> 
  custom:container-muxer-webm: aa71ff27fc2769a1b78a27578f13a17b -> 
  custom:container-demuxer-webm: 4f35f7cbe854078d1ac9338744f61a02 -> 
  custom:video-encoder-webm-vp8: eb34c28f22e8b96e1ab97ce403110664 -> 
  custom:framework-osx-AVFoundation: e770b220cccbd017edd2c1fefb359320 -> 
  custom:audio-encoder-webm-vorbis: bf7c407c2cedff20999df2af8eb42d56 -> 
  custom:container-demuxer-ogg: 62fdf1f143b41e24485cea50d1cbac27 -> 
  custom:video-decoder-webm-vp8: 9c59270c3fd7afecdb556c50c9e8de78 -> 
  custom:audio-decoder-ogg-vorbis: bf7c407c2cedff20999df2af8eb42d56 -> 
========================================================================
Received Import Request.
  Time since last request: 1663.084309 seconds.
  path: Assets/Prefabs/Fx/UI.prefab
  artifactKey: Guid(91aff5edf09ce4e789fcc35f95aaf059) Importer(815301076,1909f56bfc062723c751e8b465ee728b)
Start importing Assets/Prefabs/Fx/UI.prefab using Guid(91aff5edf09ce4e789fcc35f95aaf059) Importer(815301076,1909f56bfc062723c751e8b465ee728b)  -> (artifact id: 'b26cce992adf34eeb703ce86387293ab') in 0.119675 seconds 
========================================================================
Received Import Request.
  Time since last request: 116.607255 seconds.
  path: Assets/Prefabs/Fx/UI.prefab
  artifactKey: Guid(91aff5edf09ce4e789fcc35f95aaf059) Importer(815301076,1909f56bfc062723c751e8b465ee728b)
Start importing Assets/Prefabs/Fx/UI.prefab using Guid(91aff5edf09ce4e789fcc35f95aaf059) Importer(815301076,1909f56bfc062723c751e8b465ee728b)  -> (artifact id: 'c78be14dcc02f9c1ba8c7df13a8d7852') in 0.025061 seconds 
========================================================================
Received Import Request.
  Time since last request: 2.667849 seconds.
  path: Assets/Prefabs/Fx/UI.prefab
  artifactKey: Guid(91aff5edf09ce4e789fcc35f95aaf059) Importer(815301076,1909f56bfc062723c751e8b465ee728b)
Start importing Assets/Prefabs/Fx/UI.prefab using Guid(91aff5edf09ce4e789fcc35f95aaf059) Importer(815301076,1909f56bfc062723c751e8b465ee728b)  -> (artifact id: 'db1f34c134c4625615d936a3b4a68b9f') in 0.029327 seconds 
========================================================================
Received Import Request.
  Time since last request: 11.076228 seconds.
  path: Assets/Prefabs/Fx/UI.prefab
  artifactKey: Guid(91aff5edf09ce4e789fcc35f95aaf059) Importer(815301076,1909f56bfc062723c751e8b465ee728b)
Start importing Assets/Prefabs/Fx/UI.prefab using Guid(91aff5edf09ce4e789fcc35f95aaf059) Importer(815301076,1909f56bfc062723c751e8b465ee728b)  -> (artifact id: 'ed0ac6883554c22daffb28970566bd84') in 0.021390 seconds 
========================================================================
Received Import Request.
  Time since last request: 1.833142 seconds.
  path: Assets/Prefabs/Fx/UI.prefab
  artifactKey: Guid(91aff5edf09ce4e789fcc35f95aaf059) Importer(815301076,1909f56bfc062723c751e8b465ee728b)
Start importing Assets/Prefabs/Fx/UI.prefab using Guid(91aff5edf09ce4e789fcc35f95aaf059) Importer(815301076,1909f56bfc062723c751e8b465ee728b)  -> (artifact id: '4cbe4717c4ecbc8b7a4600198a6d38fd') in 0.022372 seconds 
========================================================================
Received Import Request.
  Time since last request: 9.862645 seconds.
  path: Assets/Prefabs/Fx/UI.prefab
  artifactKey: Guid(91aff5edf09ce4e789fcc35f95aaf059) Importer(815301076,1909f56bfc062723c751e8b465ee728b)
Start importing Assets/Prefabs/Fx/UI.prefab using Guid(91aff5edf09ce4e789fcc35f95aaf059) Importer(815301076,1909f56bfc062723c751e8b465ee728b)  -> (artifact id: '83d82a4f96c1ffca5a82a18d1c80b5ab') in 0.022801 seconds 
========================================================================
Received Import Request.
  Time since last request: 1.185959 seconds.
  path: Assets/Prefabs/Fx/UI.prefab
  artifactKey: Guid(91aff5edf09ce4e789fcc35f95aaf059) Importer(815301076,1909f56bfc062723c751e8b465ee728b)
Start importing Assets/Prefabs/Fx/UI.prefab using Guid(91aff5edf09ce4e789fcc35f95aaf059) Importer(815301076,1909f56bfc062723c751e8b465ee728b)  -> (artifact id: '8ffbb060a00c86a4b6b79818ab14ffc4') in 0.024614 seconds 
========================================================================
Received Import Request.
  Time since last request: 1.795503 seconds.
  path: Assets/Prefabs/Fx/UI.prefab
  artifactKey: Guid(91aff5edf09ce4e789fcc35f95aaf059) Importer(815301076,1909f56bfc062723c751e8b465ee728b)
Start importing Assets/Prefabs/Fx/UI.prefab using Guid(91aff5edf09ce4e789fcc35f95aaf059) Importer(815301076,1909f56bfc062723c751e8b465ee728b)  -> (artifact id: '8a063383b6c5c1a11c73ed1b75d2e486') in 0.022289 seconds 
========================================================================
Received Import Request.
  Time since last request: 0.796586 seconds.
  path: Assets/Prefabs/Fx/UI.prefab
  artifactKey: Guid(91aff5edf09ce4e789fcc35f95aaf059) Importer(815301076,1909f56bfc062723c751e8b465ee728b)
Start importing Assets/Prefabs/Fx/UI.prefab using Guid(91aff5edf09ce4e789fcc35f95aaf059) Importer(815301076,1909f56bfc062723c751e8b465ee728b)  -> (artifact id: 'a895813859cbb3939541094883ecf6ae') in 0.023808 seconds 
========================================================================
Received Import Request.
  Time since last request: 7.741999 seconds.
  path: Assets/Prefabs/Fx/UI.prefab
  artifactKey: Guid(91aff5edf09ce4e789fcc35f95aaf059) Importer(815301076,1909f56bfc062723c751e8b465ee728b)
Start importing Assets/Prefabs/Fx/UI.prefab using Guid(91aff5edf09ce4e789fcc35f95aaf059) Importer(815301076,1909f56bfc062723c751e8b465ee728b)  -> (artifact id: '7f7f3419fda2616638817db470974ebb') in 0.025150 seconds 
========================================================================
Received Import Request.
  Time since last request: 2.388813 seconds.
  path: Assets/Prefabs/Fx/UI.prefab
  artifactKey: Guid(91aff5edf09ce4e789fcc35f95aaf059) Importer(815301076,1909f56bfc062723c751e8b465ee728b)
Start importing Assets/Prefabs/Fx/UI.prefab using Guid(91aff5edf09ce4e789fcc35f95aaf059) Importer(815301076,1909f56bfc062723c751e8b465ee728b)  -> (artifact id: 'd66e3755bc9f27b42a5c5cf7157752e2') in 0.021784 seconds 
========================================================================
Received Import Request.
  Time since last request: 7.008365 seconds.
  path: Assets/Prefabs/Fx/UI.prefab
  artifactKey: Guid(91aff5edf09ce4e789fcc35f95aaf059) Importer(815301076,1909f56bfc062723c751e8b465ee728b)
Start importing Assets/Prefabs/Fx/UI.prefab using Guid(91aff5edf09ce4e789fcc35f95aaf059) Importer(815301076,1909f56bfc062723c751e8b465ee728b)  -> (artifact id: '33631d5934ff36fe4d94b34db666c448') in 0.021817 seconds 
========================================================================
Received Import Request.
  Time since last request: 1.596694 seconds.
  path: Assets/Prefabs/Fx/UI.prefab
  artifactKey: Guid(91aff5edf09ce4e789fcc35f95aaf059) Importer(815301076,1909f56bfc062723c751e8b465ee728b)
Start importing Assets/Prefabs/Fx/UI.prefab using Guid(91aff5edf09ce4e789fcc35f95aaf059) Importer(815301076,1909f56bfc062723c751e8b465ee728b)  -> (artifact id: 'a65a1f86cefcbd1add0b2ba460a0132a') in 0.021570 seconds 
========================================================================
Received Import Request.
  Time since last request: 34.659528 seconds.
  path: Assets/Prefabs/Fx/UI.prefab
  artifactKey: Guid(91aff5edf09ce4e789fcc35f95aaf059) Importer(815301076,1909f56bfc062723c751e8b465ee728b)
Start importing Assets/Prefabs/Fx/UI.prefab using Guid(91aff5edf09ce4e789fcc35f95aaf059) Importer(815301076,1909f56bfc062723c751e8b465ee728b)  -> (artifact id: '0628933ace1b3eff94ea8052bd5770d6') in 0.022304 seconds 
========================================================================
Received Import Request.
  Time since last request: 27.476801 seconds.
  path: Assets/Prefabs/Fx/UI.prefab
  artifactKey: Guid(91aff5edf09ce4e789fcc35f95aaf059) Importer(815301076,1909f56bfc062723c751e8b465ee728b)
Start importing Assets/Prefabs/Fx/UI.prefab using Guid(91aff5edf09ce4e789fcc35f95aaf059) Importer(815301076,1909f56bfc062723c751e8b465ee728b)  -> (artifact id: '8d750f680a2b6c61866d85d06fc94fa6') in 0.023316 seconds 
========================================================================
Received Import Request.
  Time since last request: 40.251152 seconds.
  path: Assets/Prefabs/Fx/UI.prefab
  artifactKey: Guid(91aff5edf09ce4e789fcc35f95aaf059) Importer(815301076,1909f56bfc062723c751e8b465ee728b)
Start importing Assets/Prefabs/Fx/UI.prefab using Guid(91aff5edf09ce4e789fcc35f95aaf059) Importer(815301076,1909f56bfc062723c751e8b465ee728b)  -> (artifact id: '849202322a46f6163fff1259f5bedcd0') in 0.022038 seconds 
========================================================================
Received Import Request.
  Time since last request: 4.835316 seconds.
  path: Assets/Prefabs/Fx/UI.prefab
  artifactKey: Guid(91aff5edf09ce4e789fcc35f95aaf059) Importer(815301076,1909f56bfc062723c751e8b465ee728b)
Start importing Assets/Prefabs/Fx/UI.prefab using Guid(91aff5edf09ce4e789fcc35f95aaf059) Importer(815301076,1909f56bfc062723c751e8b465ee728b)  -> (artifact id: '92267ef514c649da328048986c91e7a5') in 0.023878 seconds 
========================================================================
Received Prepare
Registering precompiled user dll's ...
Registered in 0.001516 seconds.
Begin MonoManager ReloadAssembly
Native extension for WindowsStandalone target not found
Native extension for OSXStandalone target not found
Refreshing native plugins compatible for Editor in 0.40 ms, found 2 plugins.
Preloading 0 native plugins for Editor in 0.00 ms.
Mono: successfully reloaded assembly
- Completed reload, in  0.912 seconds
Domain Reload Profiling:
	ReloadAssembly (913ms)
		BeginReloadAssembly (127ms)
			ExecutionOrderSort (0ms)
			DisableScriptedObjects (6ms)
			BackupInstance (0ms)
			ReleaseScriptingObjects (0ms)
			CreateAndSetChildDomain (49ms)
		EndReloadAssembly (680ms)
			LoadAssemblies (56ms)
			RebuildTransferFunctionScriptingTraits (0ms)
			SetupTypeCache (216ms)
			ReleaseScriptCaches (1ms)
			RebuildScriptCaches (44ms)
			SetupLoadedEditorAssemblies (306ms)
				LogAssemblyErrors (0ms)
				InitializePlatformSupportModulesInManaged (13ms)
				SetLoadedEditorAssemblies (1ms)
				RefreshPlugins (0ms)
				BeforeProcessingInitializeOnLoad (37ms)
				ProcessInitializeOnLoadAttributes (226ms)
				ProcessInitializeOnLoadMethodAttributes (26ms)
				AfterProcessingInitializeOnLoad (2ms)
				EditorAssembliesLoaded (0ms)
			ExecutionOrderSort2 (0ms)
			AwakeInstancesAfterBackupRestoration (13ms)
Platform modules already initialized, skipping
Refreshing native plugins compatible for Editor in 0.83 ms, found 2 plugins.
Preloading 0 native plugins for Editor in 0.00 ms.
Unloading 1537 Unused Serialized files (Serialized files now loaded: 0)
Unloading 18 unused Assets / (23.6 KB). Loaded Objects now: 2101.
Memory consumption went from 176.3 MB to 176.2 MB.
Total: 2.741893 ms (FindLiveObjects: 0.130777 ms CreateObjectMapping: 0.040746 ms MarkObjects: 2.538368 ms  DeleteObjects: 0.031316 ms)

AssetImportParameters requested are different than current active one (requested -> active):
  custom:video-decoder-ogg-theora: a1e56fd34408186e4bbccfd4996cb3dc -> 
  custom:container-muxer-webm: aa71ff27fc2769a1b78a27578f13a17b -> 
  custom:container-demuxer-webm: 4f35f7cbe854078d1ac9338744f61a02 -> 
  custom:video-encoder-webm-vp8: eb34c28f22e8b96e1ab97ce403110664 -> 
  custom:framework-osx-AVFoundation: e770b220cccbd017edd2c1fefb359320 -> 
  custom:audio-encoder-webm-vorbis: bf7c407c2cedff20999df2af8eb42d56 -> 
  custom:container-demuxer-ogg: 62fdf1f143b41e24485cea50d1cbac27 -> 
  custom:video-decoder-webm-vp8: 9c59270c3fd7afecdb556c50c9e8de78 -> 
  custom:audio-decoder-ogg-vorbis: bf7c407c2cedff20999df2af8eb42d56 -> 
========================================================================
Received Import Request.
  Time since last request: 226.199680 seconds.
  path: Assets/Prefabs/Projectiles/BigMissle.prefab
  artifactKey: Guid(aa5e67cb9ad8543f1b93b921589f2707) Importer(815301076,1909f56bfc062723c751e8b465ee728b)
Start importing Assets/Prefabs/Projectiles/BigMissle.prefab using Guid(aa5e67cb9ad8543f1b93b921589f2707) Importer(815301076,1909f56bfc062723c751e8b465ee728b)  -> (artifact id: '7755a701051471ac50e3db510ff52936') in 0.093059 seconds 
========================================================================
Received Import Request.
  Time since last request: 0.000084 seconds.
  path: Assets/Prefabs/Projectiles/Missle.prefab
  artifactKey: Guid(e33ca9d6d6d3042a5b5a7c0c133c1c44) Importer(815301076,1909f56bfc062723c751e8b465ee728b)
Start importing Assets/Prefabs/Projectiles/Missle.prefab using Guid(e33ca9d6d6d3042a5b5a7c0c133c1c44) Importer(815301076,1909f56bfc062723c751e8b465ee728b)  -> (artifact id: '9a770d48b3d38e875bcde5abf138881c') in 0.011169 seconds 
========================================================================
Received Import Request.
  Time since last request: 0.000074 seconds.
  path: Assets/Prefabs/Projectiles/LazerBeam.prefab
  artifactKey: Guid(f7734227d741046598934325bcfb5ab3) Importer(815301076,1909f56bfc062723c751e8b465ee728b)
Start importing Assets/Prefabs/Projectiles/LazerBeam.prefab using Guid(f7734227d741046598934325bcfb5ab3) Importer(815301076,1909f56bfc062723c751e8b465ee728b)  -> (artifact id: '8f72aa74a1fa05091fb0dedd635c98da') in 0.014685 seconds 
========================================================================
Received Prepare
Refreshing native plugins compatible for Editor in 1.63 ms, found 2 plugins.
Preloading 0 native plugins for Editor in 0.00 ms.
Unloading 12 Unused Serialized files (Serialized files now loaded: 0)
Unloading 12 unused Assets / (22.0 KB). Loaded Objects now: 2104.
Memory consumption went from 146.5 MB to 146.5 MB.
Total: 3.379929 ms (FindLiveObjects: 0.142927 ms CreateObjectMapping: 0.061261 ms MarkObjects: 3.163500 ms  DeleteObjects: 0.011546 ms)

AssetImportParameters requested are different than current active one (requested -> active):
  custom:video-decoder-ogg-theora: a1e56fd34408186e4bbccfd4996cb3dc -> 
  custom:container-muxer-webm: aa71ff27fc2769a1b78a27578f13a17b -> 
  custom:container-demuxer-webm: 4f35f7cbe854078d1ac9338744f61a02 -> 
  custom:video-encoder-webm-vp8: eb34c28f22e8b96e1ab97ce403110664 -> 
  custom:framework-osx-AVFoundation: e770b220cccbd017edd2c1fefb359320 -> 
  custom:audio-encoder-webm-vorbis: bf7c407c2cedff20999df2af8eb42d56 -> 
  custom:container-demuxer-ogg: 62fdf1f143b41e24485cea50d1cbac27 -> 
  custom:video-decoder-webm-vp8: 9c59270c3fd7afecdb556c50c9e8de78 -> 
  custom:audio-decoder-ogg-vorbis: bf7c407c2cedff20999df2af8eb42d56 -> 
========================================================================
Received Prepare
Registering precompiled user dll's ...
Registered in 0.001568 seconds.
Begin MonoManager ReloadAssembly
Native extension for WindowsStandalone target not found
Native extension for OSXStandalone target not found
Refreshing native plugins compatible for Editor in 0.31 ms, found 2 plugins.
Preloading 0 native plugins for Editor in 0.00 ms.
Mono: successfully reloaded assembly
- Completed reload, in  1.022 seconds
Domain Reload Profiling:
	ReloadAssembly (1022ms)
		BeginReloadAssembly (122ms)
			ExecutionOrderSort (0ms)
			DisableScriptedObjects (6ms)
			BackupInstance (0ms)
			ReleaseScriptingObjects (0ms)
			CreateAndSetChildDomain (46ms)
		EndReloadAssembly (783ms)
			LoadAssemblies (49ms)
			RebuildTransferFunctionScriptingTraits (0ms)
			SetupTypeCache (228ms)
			ReleaseScriptCaches (1ms)
			RebuildScriptCaches (43ms)
			SetupLoadedEditorAssemblies (392ms)
				LogAssemblyErrors (0ms)
				InitializePlatformSupportModulesInManaged (10ms)
				SetLoadedEditorAssemblies (1ms)
				RefreshPlugins (0ms)
				BeforeProcessingInitializeOnLoad (43ms)
				ProcessInitializeOnLoadAttributes (309ms)
				ProcessInitializeOnLoadMethodAttributes (28ms)
				AfterProcessingInitializeOnLoad (2ms)
				EditorAssembliesLoaded (0ms)
			ExecutionOrderSort2 (0ms)
			AwakeInstancesAfterBackupRestoration (12ms)
Platform modules already initialized, skipping
Refreshing native plugins compatible for Editor in 0.35 ms, found 2 plugins.
Preloading 0 native plugins for Editor in 0.00 ms.
Unloading 1537 Unused Serialized files (Serialized files now loaded: 0)
Unloading 14 unused Assets / (22.0 KB). Loaded Objects now: 2105.
Memory consumption went from 176.6 MB to 176.6 MB.
Total: 3.466054 ms (FindLiveObjects: 0.196522 ms CreateObjectMapping: 0.100969 ms MarkObjects: 3.131612 ms  DeleteObjects: 0.036188 ms)

AssetImportParameters requested are different than current active one (requested -> active):
  custom:video-decoder-ogg-theora: a1e56fd34408186e4bbccfd4996cb3dc -> 
  custom:container-muxer-webm: aa71ff27fc2769a1b78a27578f13a17b -> 
  custom:container-demuxer-webm: 4f35f7cbe854078d1ac9338744f61a02 -> 
  custom:video-encoder-webm-vp8: eb34c28f22e8b96e1ab97ce403110664 -> 
  custom:framework-osx-AVFoundation: e770b220cccbd017edd2c1fefb359320 -> 
  custom:audio-encoder-webm-vorbis: bf7c407c2cedff20999df2af8eb42d56 -> 
  custom:container-demuxer-ogg: 62fdf1f143b41e24485cea50d1cbac27 -> 
  custom:video-decoder-webm-vp8: 9c59270c3fd7afecdb556c50c9e8de78 -> 
  custom:audio-decoder-ogg-vorbis: bf7c407c2cedff20999df2af8eb42d56 -> 
========================================================================
Received Prepare
Refreshing native plugins compatible for Editor in 1.63 ms, found 2 plugins.
Preloading 0 native plugins for Editor in 0.00 ms.
Unloading 12 Unused Serialized files (Serialized files now loaded: 0)
Unloading 12 unused Assets / (21.9 KB). Loaded Objects now: 2105.
Memory consumption went from 145.6 MB to 145.6 MB.
Total: 2.824906 ms (FindLiveObjects: 0.142259 ms CreateObjectMapping: 0.062679 ms MarkObjects: 2.607825 ms  DeleteObjects: 0.011475 ms)

AssetImportParameters requested are different than current active one (requested -> active):
  custom:video-decoder-ogg-theora: a1e56fd34408186e4bbccfd4996cb3dc -> 
  custom:container-muxer-webm: aa71ff27fc2769a1b78a27578f13a17b -> 
  custom:container-demuxer-webm: 4f35f7cbe854078d1ac9338744f61a02 -> 
  custom:video-encoder-webm-vp8: eb34c28f22e8b96e1ab97ce403110664 -> 
  custom:framework-osx-AVFoundation: e770b220cccbd017edd2c1fefb359320 -> 
  custom:audio-encoder-webm-vorbis: bf7c407c2cedff20999df2af8eb42d56 -> 
  custom:container-demuxer-ogg: 62fdf1f143b41e24485cea50d1cbac27 -> 
  custom:video-decoder-webm-vp8: 9c59270c3fd7afecdb556c50c9e8de78 -> 
  custom:audio-decoder-ogg-vorbis: bf7c407c2cedff20999df2af8eb42d56 -> 
========================================================================
Received Prepare
Refreshing native plugins compatible for Editor in 1.81 ms, found 2 plugins.
Preloading 0 native plugins for Editor in 0.00 ms.
Unloading 12 Unused Serialized files (Serialized files now loaded: 0)
Unloading 12 unused Assets / (21.9 KB). Loaded Objects now: 2105.
Memory consumption went from 145.6 MB to 145.6 MB.
Total: 2.919614 ms (FindLiveObjects: 0.150692 ms CreateObjectMapping: 0.087423 ms MarkObjects: 2.669793 ms  DeleteObjects: 0.010998 ms)

AssetImportParameters requested are different than current active one (requested -> active):
  custom:video-decoder-ogg-theora: a1e56fd34408186e4bbccfd4996cb3dc -> 
  custom:container-muxer-webm: aa71ff27fc2769a1b78a27578f13a17b -> 
  custom:container-demuxer-webm: 4f35f7cbe854078d1ac9338744f61a02 -> 
  custom:video-encoder-webm-vp8: eb34c28f22e8b96e1ab97ce403110664 -> 
  custom:framework-osx-AVFoundation: e770b220cccbd017edd2c1fefb359320 -> 
  custom:audio-encoder-webm-vorbis: bf7c407c2cedff20999df2af8eb42d56 -> 
  custom:container-demuxer-ogg: 62fdf1f143b41e24485cea50d1cbac27 -> 
  custom:video-decoder-webm-vp8: 9c59270c3fd7afecdb556c50c9e8de78 -> 
  custom:audio-decoder-ogg-vorbis: bf7c407c2cedff20999df2af8eb42d56 -> 
========================================================================
Received Prepare
Registering precompiled user dll's ...
Registered in 0.001537 seconds.
Begin MonoManager ReloadAssembly
Native extension for WindowsStandalone target not found
Native extension for OSXStandalone target not found
Refreshing native plugins compatible for Editor in 0.34 ms, found 2 plugins.
Preloading 0 native plugins for Editor in 0.00 ms.
Mono: successfully reloaded assembly
- Completed reload, in  0.969 seconds
Domain Reload Profiling:
	ReloadAssembly (969ms)
		BeginReloadAssembly (135ms)
			ExecutionOrderSort (0ms)
			DisableScriptedObjects (11ms)
			BackupInstance (0ms)
			ReleaseScriptingObjects (0ms)
			CreateAndSetChildDomain (48ms)
		EndReloadAssembly (718ms)
			LoadAssemblies (61ms)
			RebuildTransferFunctionScriptingTraits (0ms)
			SetupTypeCache (223ms)
			ReleaseScriptCaches (1ms)
			RebuildScriptCaches (43ms)
			SetupLoadedEditorAssemblies (324ms)
				LogAssemblyErrors (0ms)
				InitializePlatformSupportModulesInManaged (13ms)
				SetLoadedEditorAssemblies (1ms)
				RefreshPlugins (0ms)
				BeforeProcessingInitializeOnLoad (40ms)
				ProcessInitializeOnLoadAttributes (244ms)
				ProcessInitializeOnLoadMethodAttributes (25ms)
				AfterProcessingInitializeOnLoad (2ms)
				EditorAssembliesLoaded (0ms)
			ExecutionOrderSort2 (0ms)
			AwakeInstancesAfterBackupRestoration (10ms)
Platform modules already initialized, skipping
Refreshing native plugins compatible for Editor in 0.33 ms, found 2 plugins.
Preloading 0 native plugins for Editor in 0.00 ms.
Unloading 1537 Unused Serialized files (Serialized files now loaded: 0)
Unloading 14 unused Assets / (22.0 KB). Loaded Objects now: 2107.
Memory consumption went from 176.8 MB to 176.8 MB.
Total: 2.914401 ms (FindLiveObjects: 0.147640 ms CreateObjectMapping: 0.065980 ms MarkObjects: 2.680494 ms  DeleteObjects: 0.019192 ms)

AssetImportParameters requested are different than current active one (requested -> active):
  custom:video-decoder-ogg-theora: a1e56fd34408186e4bbccfd4996cb3dc -> 
  custom:container-muxer-webm: aa71ff27fc2769a1b78a27578f13a17b -> 
  custom:container-demuxer-webm: 4f35f7cbe854078d1ac9338744f61a02 -> 
  custom:video-encoder-webm-vp8: eb34c28f22e8b96e1ab97ce403110664 -> 
  custom:framework-osx-AVFoundation: e770b220cccbd017edd2c1fefb359320 -> 
  custom:audio-encoder-webm-vorbis: bf7c407c2cedff20999df2af8eb42d56 -> 
  custom:container-demuxer-ogg: 62fdf1f143b41e24485cea50d1cbac27 -> 
  custom:video-decoder-webm-vp8: 9c59270c3fd7afecdb556c50c9e8de78 -> 
  custom:audio-decoder-ogg-vorbis: bf7c407c2cedff20999df2af8eb42d56 -> 
========================================================================
Received Prepare
Refreshing native plugins compatible for Editor in 1.77 ms, found 2 plugins.
Preloading 0 native plugins for Editor in 0.00 ms.
Unloading 12 Unused Serialized files (Serialized files now loaded: 0)
Unloading 12 unused Assets / (22.4 KB). Loaded Objects now: 2107.
Memory consumption went from 145.8 MB to 145.7 MB.
Total: 2.816899 ms (FindLiveObjects: 0.144858 ms CreateObjectMapping: 0.062305 ms MarkObjects: 2.596878 ms  DeleteObjects: 0.012085 ms)

AssetImportParameters requested are different than current active one (requested -> active):
  custom:video-decoder-ogg-theora: a1e56fd34408186e4bbccfd4996cb3dc -> 
  custom:container-muxer-webm: aa71ff27fc2769a1b78a27578f13a17b -> 
  custom:container-demuxer-webm: 4f35f7cbe854078d1ac9338744f61a02 -> 
  custom:video-encoder-webm-vp8: eb34c28f22e8b96e1ab97ce403110664 -> 
  custom:framework-osx-AVFoundation: e770b220cccbd017edd2c1fefb359320 -> 
  custom:audio-encoder-webm-vorbis: bf7c407c2cedff20999df2af8eb42d56 -> 
  custom:container-demuxer-ogg: 62fdf1f143b41e24485cea50d1cbac27 -> 
  custom:video-decoder-webm-vp8: 9c59270c3fd7afecdb556c50c9e8de78 -> 
  custom:audio-decoder-ogg-vorbis: bf7c407c2cedff20999df2af8eb42d56 -> 
